<?xml version="1.0" encoding="UTF-8"?>
<!-- Generated by org.testng.reporters.JUnitReportReporter -->
<testsuite hostname="LAPTOP-GJPS3G4U" failures="0" tests="1" name="testCases.TC002_LoginTest" time="0.010" errors="0" timestamp="2025-02-08T17:43:02 IST" skipped="0">
  <testcase classname="testCases.TC002_LoginTest" name="LogintoOpencartTest" time="0.010"/>
  <system-out/>
</testsuite> <!-- testCases.TC002_LoginTest -->
