<?xml version="1.0" encoding="UTF-8"?>
<!-- Generated by org.testng.reporters.JUnitReportReporter -->
<testsuite hostname="LAPTOP-GJPS3G4U" failures="0" tests="1" name="testCases.TC001_AccountRegistrationTest" time="22.877" errors="0" timestamp="2025-02-24T11:33:24 IST" skipped="0">
  <testcase classname="testCases.TC001_AccountRegistrationTest" name="verify_account_registration" time="22.877"/>
  <system-out/>
</testsuite> <!-- testCases.TC001_AccountRegistrationTest -->
